info it worked if it ends with ok
verbose cli [ 'node',
verbose cli   '/usr/local/bin/npm',
verbose cli   'install',
verbose cli   '--global',
verbose cli   'coffee-script',
verbose cli   'hubot@v2.7.5' ]
info using npm@1.1.22
info using node@v0.6.12
verbose /usr/local/bin/node node symlink
verbose config file /Users/hitgirl/.npmrc
verbose config file /usr/local/etc/npmrc
verbose config file /usr/local/lib/node_modules/npm/npmrc
verbose cache add [ 'coffee-script', null ]
silly cache add: name, spec, args [ undefined, 'coffee-script', [ 'coffee-script', null ] ]
verbose parsed url { pathname: 'coffee-script',
verbose parsed url   path: 'coffee-script',
verbose parsed url   href: 'coffee-script' }
verbose cache add [ 'hubot@v2.7.5', null ]
silly cache add: name, spec, args [ undefined, 'hubot@v2.7.5', [ 'hubot@v2.7.5', null ] ]
verbose parsed url { pathname: 'hubot@v2.7.5',
verbose parsed url   path: 'hubot@v2.7.5',
verbose parsed url   href: 'hubot@v2.7.5' }
silly cache add: name, spec, args [ 'hubot', 'v2.7.5', [ 'hubot', 'v2.7.5' ] ]
verbose parsed url { pathname: 'v2.7.5', path: 'v2.7.5', href: 'v2.7.5' }
verbose addNamed [ 'hubot', 'v2.7.5' ]
verbose addNamed [ '2.7.5', 'v2.7.5' ]
verbose addNamed [ 'coffee-script', '' ]
verbose addNamed [ null, '' ]
silly name, range, hasData [ 'coffee-script', '', false ]
verbose raw, before any munging hubot/2.7.5
verbose url resolving [ 'https://registry.npmjs.org/', './hubot/2.7.5' ]
verbose url resolved https://registry.npmjs.org/hubot/2.7.5
http GET https://registry.npmjs.org/hubot/2.7.5
verbose raw, before any munging coffee-script
verbose url resolving [ 'https://registry.npmjs.org/', './coffee-script' ]
verbose url resolved https://registry.npmjs.org/coffee-script
http GET https://registry.npmjs.org/coffee-script
ERR! Error: SSL Error: SELF_SIGNED_CERT_IN_CHAIN
ERR!     at ClientRequest.<anonymous> (/usr/local/lib/node_modules/npm/node_modules/request/main.js:483:26)
ERR!     at ClientRequest.emit (events.js:67:17)
ERR!     at HTTPParser.onIncoming (http.js:1261:11)
ERR!     at HTTPParser.onHeadersComplete (http.js:102:31)
ERR!     at CleartextStream.ondata (http.js:1150:24)
ERR!     at CleartextStream._push (tls.js:375:27)
ERR!     at SecurePair.cycle (tls.js:734:20)
ERR!     at EncryptedStream.write (tls.js:130:13)
ERR!     at Socket.ondata (stream.js:38:26)
ERR!     at Socket.emit (events.js:67:17)
ERR! You may report this log at:
ERR!     <http://github.com/isaacs/npm/issues>
ERR! or email it to:
ERR!     <npm-@googlegroups.com>
ERR! 
ERR! System Darwin 13.3.0
ERR! command "node" "/usr/local/bin/npm" "install" "--global" "coffee-script" "hubot@v2.7.5"
ERR! cwd /Users/hitgirl/Projects/Imagine/docs/manual
ERR! node -v v0.6.12
ERR! npm -v 1.1.22
ERR! message SSL Error: SELF_SIGNED_CERT_IN_CHAIN
verbose exit [ 1, true ]
